Tue Oct 25 11:55:32 CEST 2016 : Apache Derby Network Server 10.11.1.2 - (1629631) wurde gestartet und ist bereit, Verbindungen auf Port 1527 zu akzeptieren.
----------------------------------------------------------------
Tue Oct 25 11:55:32 CEST 2016:
Booten von Derby-Version The Apache Software Foundation - Apache Derby - 10.11.1.2 - (1629631): Instanz a816c00e-0157-fb44-2ff8-ffff9f97565e
für Datenbankverzeichnis C:\Users\User\Documents\GitHub\DigitalerZwilling\DigitalerZwilling\DigitalerZwilling\db\db_DigitalerZwilling mit Class Loader sun.misc.Launcher$AppClassLoader@6f94fa3e
Geladen aus file:/C:/Program%20Files/Java/jdk1.8.0_112/db/lib/derby.jar
java.vendor=Oracle Corporation
java.runtime.version=1.8.0_112-b15
user.dir=C:\Program Files\Java\jdk1.8.0_112\db
os.name=Windows 7
os.arch=amd64
os.version=6.1
derby.system.home=C:\Users\User\Documents\GitHub\DigitalerZwilling\DigitalerZwilling\DigitalerZwilling\db
Datenbank-Class Loader wurde gestartet - derby.database.classpath=''
----------------------------------------------------------------
Tue Oct 25 11:55:39 CEST 2016:
Instanz a816c00e-0157-fb44-2ff8-ffff9f97565e im Datenbankverzeichnis C:\Users\User\Documents\GitHub\DigitalerZwilling\DigitalerZwilling\DigitalerZwilling\db\db_DigitalerZwilling mit Class Loader sun.misc.Launcher$AppClassLoader@6f94fa3e wird heruntergefahren
Tue Oct 25 11:55:39 CEST 2016 Thread[DRDAConnThread_3,5,main] (DATABASE = db_DigitalerZwilling), (DRDAID = {2}), Datenbank 'db_DigitalerZwilling' wird heruntergefahren.
----------------------------------------------------------------
Tue Oct 25 11:55:45 CEST 2016:
Booten von Derby-Version The Apache Software Foundation - Apache Derby - 10.11.1.2 - (1629631): Instanz a65c80ac-0157-fb44-2ff8-ffff9f97565e
für Datenbankverzeichnis C:\Users\User\Documents\GitHub\DigitalerZwilling\DigitalerZwilling\DigitalerZwilling\db\db_DigitalerZwilling mit Class Loader sun.misc.Launcher$AppClassLoader@6f94fa3e
Geladen aus file:/C:/Program%20Files/Java/jdk1.8.0_112/db/lib/derby.jar
java.vendor=Oracle Corporation
java.runtime.version=1.8.0_112-b15
user.dir=C:\Program Files\Java\jdk1.8.0_112\db
os.name=Windows 7
os.arch=amd64
os.version=6.1
derby.system.home=C:\Users\User\Documents\GitHub\DigitalerZwilling\DigitalerZwilling\DigitalerZwilling\db
Datenbank-Class Loader wurde gestartet - derby.database.classpath=''
